<?xml version="1.0" encoding="UTF-8"?>
<testsuite name="org.springframework.core.annotation.AnnotationBackCompatibiltyTests" tests="2" skipped="0" failures="0" errors="0" timestamp="2020-12-21T06:24:26" hostname="LAPTOP-B97AJCLT" time="0.012">
  <properties/>
  <testcase name="defaultValue()" classname="org.springframework.core.annotation.AnnotationBackCompatibiltyTests" time="0.004"/>
  <testcase name="multiplRoutesToMetaAnnotation()" classname="org.springframework.core.annotation.AnnotationBackCompatibiltyTests" time="0.007"/>
  <system-out><![CDATA[]]></system-out>
  <system-err><![CDATA[]]></system-err>
</testsuite>
