<?xml version="1.0" encoding="UTF-8"?>
<testsuite name="org.springframework.core.io.buffer.LimitedDataBufferListTests" tests="3" skipped="0" failures="0" errors="0" timestamp="2020-12-21T06:24:36" hostname="LAPTOP-B97AJCLT" time="0.002">
  <properties/>
  <testcase name="limitEnforced()" classname="org.springframework.core.io.buffer.LimitedDataBufferListTests" time="0.001"/>
  <testcase name="limitIgnored()" classname="org.springframework.core.io.buffer.LimitedDataBufferListTests" time="0.0"/>
  <testcase name="clearResetsCount()" classname="org.springframework.core.io.buffer.LimitedDataBufferListTests" time="0.0"/>
  <system-out><![CDATA[]]></system-out>
  <system-err><![CDATA[]]></system-err>
</testsuite>
