<?xml version="1.0" encoding="UTF-8"?>
<testsuite name="org.springframework.core.ReactiveAdapterRegistryTests$Reactor" tests="5" skipped="0" failures="0" errors="0" timestamp="2020-12-21T06:24:38" hostname="LAPTOP-B97AJCLT" time="0.004">
  <properties/>
  <testcase name="fromCompletableFuture()" classname="org.springframework.core.ReactiveAdapterRegistryTests$Reactor" time="0.001"/>
  <testcase name="toFlux()" classname="org.springframework.core.ReactiveAdapterRegistryTests$Reactor" time="0.0"/>
  <testcase name="toMono()" classname="org.springframework.core.ReactiveAdapterRegistryTests$Reactor" time="0.002"/>
  <testcase name="toCompletableFuture()" classname="org.springframework.core.ReactiveAdapterRegistryTests$Reactor" time="0.001"/>
  <testcase name="defaultAdapterRegistrations()" classname="org.springframework.core.ReactiveAdapterRegistryTests$Reactor" time="0.0"/>
  <system-out><![CDATA[]]></system-out>
  <system-err><![CDATA[]]></system-err>
</testsuite>
