<?xml version="1.0" encoding="UTF-8"?>
<testsuite name="org.springframework.core.io.support.SpringFactoriesLoaderTests" tests="5" skipped="0" failures="0" errors="0" timestamp="2020-12-21T06:24:37" hostname="LAPTOP-B97AJCLT" time="0.005">
  <properties/>
  <testcase name="loadFactoriesWithNoRegisteredImplementations()" classname="org.springframework.core.io.support.SpringFactoriesLoaderTests" time="0.002"/>
  <testcase name="loadFactoriesInCorrectOrderWithDuplicateRegistrationsPresent()" classname="org.springframework.core.io.support.SpringFactoriesLoaderTests" time="0.001"/>
  <testcase name="loadPackagePrivateFactory()" classname="org.springframework.core.io.support.SpringFactoriesLoaderTests" time="0.001"/>
  <testcase name="attemptToLoadFactoryOfIncompatibleType()" classname="org.springframework.core.io.support.SpringFactoriesLoaderTests" time="0.0"/>
  <testcase name="loadFactoryNames()" classname="org.springframework.core.io.support.SpringFactoriesLoaderTests" time="0.001"/>
  <system-out><![CDATA[]]></system-out>
  <system-err><![CDATA[]]></system-err>
</testsuite>
