<?xml version="1.0" encoding="UTF-8"?>
<testsuite name="org.springframework.util.ResourceUtilsTests" tests="3" skipped="0" failures="0" errors="0" timestamp="2020-12-21T06:24:41" hostname="LAPTOP-B97AJCLT" time="0.004">
  <properties/>
  <testcase name="isJarURL()" classname="org.springframework.util.ResourceUtilsTests" time="0.001"/>
  <testcase name="extractJarFileURL()" classname="org.springframework.util.ResourceUtilsTests" time="0.003"/>
  <testcase name="extractArchiveURL()" classname="org.springframework.util.ResourceUtilsTests" time="0.0"/>
  <system-out><![CDATA[]]></system-out>
  <system-err><![CDATA[]]></system-err>
</testsuite>
