<?xml version="1.0" encoding="UTF-8"?>
<testsuite name="org.springframework.util.xml.XMLEventStreamReaderTests" tests="2" skipped="0" failures="0" errors="0" timestamp="2020-12-21T06:24:43" hostname="LAPTOP-B97AJCLT" time="0.016">
  <properties/>
  <testcase name="readCorrect()" classname="org.springframework.util.xml.XMLEventStreamReaderTests" time="0.014"/>
  <testcase name="readAll()" classname="org.springframework.util.xml.XMLEventStreamReaderTests" time="0.002"/>
  <system-out><![CDATA[]]></system-out>
  <system-err><![CDATA[]]></system-err>
</testsuite>
