<?xml version="1.0" encoding="UTF-8"?>
<testsuite name="org.springframework.util.Base64UtilsTests" tests="3" skipped="0" failures="0" errors="0" timestamp="2020-12-21T06:24:41" hostname="LAPTOP-B97AJCLT" time="0.017">
  <properties/>
  <testcase name="encodeToStringWithJdk8VsJaxb()" classname="org.springframework.util.Base64UtilsTests" time="0.016"/>
  <testcase name="encode()" classname="org.springframework.util.Base64UtilsTests" time="0.001"/>
  <testcase name="encodeDecodeUrlSafe()" classname="org.springframework.util.Base64UtilsTests" time="0.0"/>
  <system-out><![CDATA[]]></system-out>
  <system-err><![CDATA[]]></system-err>
</testsuite>
