<?xml version="1.0" encoding="UTF-8"?>
<testsuite name="org.springframework.core.OrderComparatorTests" tests="17" skipped="0" failures="0" errors="0" timestamp="2020-12-21T06:24:37" hostname="LAPTOP-B97AJCLT" time="0.002">
  <properties/>
  <testcase name="comparePriorityOrderedInstancesAfter()" classname="org.springframework.core.OrderComparatorTests" time="0.0"/>
  <testcase name="compareOrderedInstancesBefore()" classname="org.springframework.core.OrderComparatorTests" time="0.0"/>
  <testcase name="compareOrderedInstancesNullLast()" classname="org.springframework.core.OrderComparatorTests" time="0.0"/>
  <testcase name="compareOrderedInstancesNullFirst()" classname="org.springframework.core.OrderComparatorTests" time="0.0"/>
  <testcase name="comparePriorityOrderedInstanceToStandardOrderedInstanceWithSamePriority()" classname="org.springframework.core.OrderComparatorTests" time="0.0"/>
  <testcase name="comparePriorityOrderedInstanceToStandardOrderedInstanceWithHigherPriority()" classname="org.springframework.core.OrderComparatorTests" time="0.0"/>
  <testcase name="comparePriorityOrderedInstancesSame()" classname="org.springframework.core.OrderComparatorTests" time="0.001"/>
  <testcase name="compareOrderedInstancesAfter()" classname="org.springframework.core.OrderComparatorTests" time="0.0"/>
  <testcase name="comparePriorityOrderedInstancesBefore()" classname="org.springframework.core.OrderComparatorTests" time="0.0"/>
  <testcase name="compareTwoNonOrderedInstancesEndsUpAsSame()" classname="org.springframework.core.OrderComparatorTests" time="0.0"/>
  <testcase name="compareOrderedInstancesSame()" classname="org.springframework.core.OrderComparatorTests" time="0.0"/>
  <testcase name="compareWithSourceProviderArray()" classname="org.springframework.core.OrderComparatorTests" time="0.0"/>
  <testcase name="compareWithSourceProviderEmpty()" classname="org.springframework.core.OrderComparatorTests" time="0.0"/>
  <testcase name="compareWithSourceProviderArrayNoMatch()" classname="org.springframework.core.OrderComparatorTests" time="0.0"/>
  <testcase name="comparePriorityOrderedInstanceToStandardOrderedInstanceWithLowerPriority()" classname="org.springframework.core.OrderComparatorTests" time="0.001"/>
  <testcase name="compareOrderedInstancesDoubleNull()" classname="org.springframework.core.OrderComparatorTests" time="0.0"/>
  <testcase name="compareWithSimpleSourceProvider()" classname="org.springframework.core.OrderComparatorTests" time="0.0"/>
  <system-out><![CDATA[]]></system-out>
  <system-err><![CDATA[]]></system-err>
</testsuite>
