<?xml version="1.0" encoding="UTF-8"?>
<testsuite name="org.springframework.core.codec.DataBufferDecoderTests" tests="3" skipped="0" failures="0" errors="0" timestamp="2020-12-21T06:24:28" hostname="LAPTOP-B97AJCLT" time="0.005">
  <properties/>
  <testcase name="decodeToMono()" classname="org.springframework.core.codec.DataBufferDecoderTests" time="0.003"/>
  <testcase name="decode()" classname="org.springframework.core.codec.DataBufferDecoderTests" time="0.001"/>
  <testcase name="canDecode()" classname="org.springframework.core.codec.DataBufferDecoderTests" time="0.0"/>
  <system-out><![CDATA[]]></system-out>
  <system-err><![CDATA[]]></system-err>
</testsuite>
