<?xml version="1.0" encoding="UTF-8"?>
<testsuite name="org.springframework.core.style.ToStringCreatorTests" tests="7" skipped="0" failures="0" errors="0" timestamp="2020-12-21T06:24:39" hostname="LAPTOP-B97AJCLT" time="0.018">
  <properties/>
  <testcase name="appendList()" classname="org.springframework.core.style.ToStringCreatorTests" time="0.005"/>
  <testcase name="appendClass()" classname="org.springframework.core.style.ToStringCreatorTests" time="0.002"/>
  <testcase name="primitiveArrays()" classname="org.springframework.core.style.ToStringCreatorTests" time="0.001"/>
  <testcase name="defaultStyleMap()" classname="org.springframework.core.style.ToStringCreatorTests" time="0.004"/>
  <testcase name="defaultStyleArray()" classname="org.springframework.core.style.ToStringCreatorTests" time="0.001"/>
  <testcase name="appendMethod()" classname="org.springframework.core.style.ToStringCreatorTests" time="0.001"/>
  <testcase name="appendSet()" classname="org.springframework.core.style.ToStringCreatorTests" time="0.001"/>
  <system-out><![CDATA[]]></system-out>
  <system-err><![CDATA[]]></system-err>
</testsuite>
