<?xml version="1.0" encoding="UTF-8"?>
<testsuite name="org.springframework.core.codec.ResourceRegionEncoderTests" tests="6" skipped="0" failures="0" errors="0" timestamp="2020-12-21T06:24:28" hostname="LAPTOP-B97AJCLT" time="0.081">
  <properties/>
  <testcase name="shouldEncodeMultipleResourceRegionsFileResource()" classname="org.springframework.core.codec.ResourceRegionEncoderTests" time="0.062"/>
  <testcase name="cancelWithoutDemandForSingleResourceRegion()" classname="org.springframework.core.codec.ResourceRegionEncoderTests" time="0.003"/>
  <testcase name="canEncode()" classname="org.springframework.core.codec.ResourceRegionEncoderTests" time="0.0"/>
  <testcase name="shouldEncodeResourceRegionFileResource()" classname="org.springframework.core.codec.ResourceRegionEncoderTests" time="0.003"/>
  <testcase name="cancelWithoutDemandForMultipleResourceRegions()" classname="org.springframework.core.codec.ResourceRegionEncoderTests" time="0.004"/>
  <testcase name="nonExisting()" classname="org.springframework.core.codec.ResourceRegionEncoderTests" time="0.008"/>
  <system-out><![CDATA[]]></system-out>
  <system-err><![CDATA[]]></system-err>
</testsuite>
