<?xml version="1.0" encoding="UTF-8"?>
<testsuite name="org.springframework.util.PropertiesPersisterTests" tests="8" skipped="0" failures="0" errors="0" timestamp="2020-12-21T06:24:41" hostname="LAPTOP-B97AJCLT" time="0.013">
  <properties/>
  <testcase name="propertiesPersisterWithReaderAndWhitespace()" classname="org.springframework.util.PropertiesPersisterTests" time="0.002"/>
  <testcase name="propertiesPersister()" classname="org.springframework.util.PropertiesPersisterTests" time="0.002"/>
  <testcase name="propertiesPersisterWithEmptyValue()" classname="org.springframework.util.PropertiesPersisterTests" time="0.001"/>
  <testcase name="propertiesPersisterWithReaderAndHeader()" classname="org.springframework.util.PropertiesPersisterTests" time="0.001"/>
  <testcase name="propertiesPersisterWithHeader()" classname="org.springframework.util.PropertiesPersisterTests" time="0.001"/>
  <testcase name="propertiesPersisterWithWhitespace()" classname="org.springframework.util.PropertiesPersisterTests" time="0.001"/>
  <testcase name="propertiesPersisterWithReader()" classname="org.springframework.util.PropertiesPersisterTests" time="0.0"/>
  <testcase name="propertiesPersisterWithReaderAndEmptyValue()" classname="org.springframework.util.PropertiesPersisterTests" time="0.0"/>
  <system-out><![CDATA[]]></system-out>
  <system-err><![CDATA[]]></system-err>
</testsuite>
