<?xml version="1.0" encoding="UTF-8"?>
<testsuite name="org.springframework.core.convert.converter.DefaultConversionServiceTests" tests="122" skipped="0" failures="0" errors="0" timestamp="2020-12-21T06:24:29" hostname="LAPTOP-B97AJCLT" time="0.252">
  <properties/>
  <testcase name="convertPropertiesToString()" classname="org.springframework.core.convert.converter.DefaultConversionServiceTests" time="0.011"/>
  <testcase name="convertStringToProperties()" classname="org.springframework.core.convert.converter.DefaultConversionServiceTests" time="0.0"/>
  <testcase name="convertObjectToStringUsingToString()" classname="org.springframework.core.convert.converter.DefaultConversionServiceTests" time="0.006"/>
  <testcase name="stringToLocaleWithLanguageTag()" classname="org.springframework.core.convert.converter.DefaultConversionServiceTests" time="0.001"/>
  <testcase name="spr7766()" classname="org.springframework.core.convert.converter.DefaultConversionServiceTests" time="0.08"/>
  <testcase name="convertObjectToCollection()" classname="org.springframework.core.convert.converter.DefaultConversionServiceTests" time="0.001"/>
  <testcase name="convertEmptyStringToCollection()" classname="org.springframework.core.convert.converter.DefaultConversionServiceTests" time="0.001"/>
  <testcase name="bigDecimalToString()" classname="org.springframework.core.convert.converter.DefaultConversionServiceTests" time="0.002"/>
  <testcase name="convertObjectToStringWithJavaTimeOfMethodPresent()" classname="org.springframework.core.convert.converter.DefaultConversionServiceTests" time="0.001"/>
  <testcase name="convertArrayToObjectAssignableTargetType()" classname="org.springframework.core.convert.converter.DefaultConversionServiceTests" time="0.001"/>
  <testcase name="convertIntegerArrayToIntArray()" classname="org.springframework.core.convert.converter.DefaultConversionServiceTests" time="0.001"/>
  <testcase name="stringToBigDecimal()" classname="org.springframework.core.convert.converter.DefaultConversionServiceTests" time="0.002"/>
  <testcase name="collection()" classname="org.springframework.core.convert.converter.DefaultConversionServiceTests" time="0.003"/>
  <testcase name="stringToCharset()" classname="org.springframework.core.convert.converter.DefaultConversionServiceTests" time="0.0"/>
  <testcase name="convertEmptyArrayToString()" classname="org.springframework.core.convert.converter.DefaultConversionServiceTests" time="0.001"/>
  <testcase name="booleanToString()" classname="org.springframework.core.convert.converter.DefaultConversionServiceTests" time="0.0"/>
  <testcase name="numberToCharacter()" classname="org.springframework.core.convert.converter.DefaultConversionServiceTests" time="0.001"/>
  <testcase name="convertCannotOptimizeArray()" classname="org.springframework.core.convert.converter.DefaultConversionServiceTests" time="0.001"/>
  <testcase name="stringToLocaleWithCountry()" classname="org.springframework.core.convert.converter.DefaultConversionServiceTests" time="0.001"/>
  <testcase name="convertCollectionToObjectWithElementConversion()" classname="org.springframework.core.convert.converter.DefaultConversionServiceTests" time="0.001"/>
  <testcase name="convertArrayToAbstractCollection()" classname="org.springframework.core.convert.converter.DefaultConversionServiceTests" time="0.002"/>
  <testcase name="convertStringToArray()" classname="org.springframework.core.convert.converter.DefaultConversionServiceTests" time="0.001"/>
  <testcase name="convertListOfListToString()" classname="org.springframework.core.convert.converter.DefaultConversionServiceTests" time="0.001"/>
  <testcase name="stringToBigInteger()" classname="org.springframework.core.convert.converter.DefaultConversionServiceTests" time="0.002"/>
  <testcase name="stringToNumberEmptyString()" classname="org.springframework.core.convert.converter.DefaultConversionServiceTests" time="0.0"/>
  <testcase name="convertArrayToCollectionInterface()" classname="org.springframework.core.convert.converter.DefaultConversionServiceTests" time="0.0"/>
  <testcase name="stringToFloat()" classname="org.springframework.core.convert.converter.DefaultConversionServiceTests" time="0.002"/>
  <testcase name="stringToShort()" classname="org.springframework.core.convert.converter.DefaultConversionServiceTests" time="0.002"/>
  <testcase name="integerToEnum()" classname="org.springframework.core.convert.converter.DefaultConversionServiceTests" time="0.001"/>
  <testcase name="convertObjectToStringWithValueOfMethodPresentUsingToString()" classname="org.springframework.core.convert.converter.DefaultConversionServiceTests" time="0.0"/>
  <testcase name="convertStringToPropertiesWithSpaces()" classname="org.springframework.core.convert.converter.DefaultConversionServiceTests" time="0.0"/>
  <testcase name="bigIntegerToString()" classname="org.springframework.core.convert.converter.DefaultConversionServiceTests" time="0.001"/>
  <testcase name="convertArrayToObjectWithElementConversion()" classname="org.springframework.core.convert.converter.DefaultConversionServiceTests" time="0.001"/>
  <testcase name="convertObjectToObjectUsingObjectConstructor()" classname="org.springframework.core.convert.converter.DefaultConversionServiceTests" time="0.001"/>
  <testcase name="convertObjectToArray()" classname="org.springframework.core.convert.converter.DefaultConversionServiceTests" time="0.0"/>
  <testcase name="stringToEnumEmptyString()" classname="org.springframework.core.convert.converter.DefaultConversionServiceTests" time="0.001"/>
  <testcase name="convertStringToTimezone()" classname="org.springframework.core.convert.converter.DefaultConversionServiceTests" time="0.0"/>
  <testcase name="convertObjectToObjectFinderMethodWithNull()" classname="org.springframework.core.convert.converter.DefaultConversionServiceTests" time="0.001"/>
  <testcase name="stringToInteger()" classname="org.springframework.core.convert.converter.DefaultConversionServiceTests" time="0.0"/>
  <testcase name="convertObjectToStringNotSupported()" classname="org.springframework.core.convert.converter.DefaultConversionServiceTests" time="0.001"/>
  <testcase name="convertCollectionToCollectionSpecialCaseSourceImpl()" classname="org.springframework.core.convert.converter.DefaultConversionServiceTests" time="0.002"/>
  <testcase name="convertCollectionToCollectionNull()" classname="org.springframework.core.convert.converter.DefaultConversionServiceTests" time="0.001"/>
  <testcase name="convertCollectionToArrayWithElementConversion()" classname="org.springframework.core.convert.converter.DefaultConversionServiceTests" time="0.0"/>
  <testcase name="integerToString()" classname="org.springframework.core.convert.converter.DefaultConversionServiceTests" time="0.0"/>
  <testcase name="convertObjectToOptional()" classname="org.springframework.core.convert.converter.DefaultConversionServiceTests" time="0.001"/>
  <testcase name="stringToBooleanTrue()" classname="org.springframework.core.convert.converter.DefaultConversionServiceTests" time="0.001"/>
  <testcase name="convertObjectToObjectFinderMethodWithIdConversion()" classname="org.springframework.core.convert.converter.DefaultConversionServiceTests" time="0.0"/>
  <testcase name="convertObjectToArrayWithElementConversion()" classname="org.springframework.core.convert.converter.DefaultConversionServiceTests" time="0.0"/>
  <testcase name="convertListOfNonStringifiable()" classname="org.springframework.core.convert.converter.DefaultConversionServiceTests" time="0.001"/>
  <testcase name="convertObjectToObjectWithJavaTimeOfMethod()" classname="org.springframework.core.convert.converter.DefaultConversionServiceTests" time="0.001"/>
  <testcase name="stringToEnumWithSubclass()" classname="org.springframework.core.convert.converter.DefaultConversionServiceTests" time="0.002"/>
  <testcase name="convertStringToCustomCharArray()" classname="org.springframework.core.convert.converter.DefaultConversionServiceTests" time="0.001"/>
  <testcase name="map()" classname="org.springframework.core.convert.converter.DefaultConversionServiceTests" time="0.002"/>
  <testcase name="enumToInteger()" classname="org.springframework.core.convert.converter.DefaultConversionServiceTests" time="0.002"/>
  <testcase name="convertEmptyStringToArray()" classname="org.springframework.core.convert.converter.DefaultConversionServiceTests" time="0.0"/>
  <testcase name="stringToByte()" classname="org.springframework.core.convert.converter.DefaultConversionServiceTests" time="0.001"/>
  <testcase name="stringToEnum()" classname="org.springframework.core.convert.converter.DefaultConversionServiceTests" time="0.0"/>
  <testcase name="stringToLong()" classname="org.springframework.core.convert.converter.DefaultConversionServiceTests" time="0.0"/>
  <testcase name="longToString()" classname="org.springframework.core.convert.converter.DefaultConversionServiceTests" time="0.0"/>
  <testcase name="integerToEnumWithSubclass()" classname="org.springframework.core.convert.converter.DefaultConversionServiceTests" time="0.0"/>
  <testcase name="stringToEnumSet()" classname="org.springframework.core.convert.converter.DefaultConversionServiceTests" time="0.0"/>
  <testcase name="convertStringToCollectionWithElementConversion()" classname="org.springframework.core.convert.converter.DefaultConversionServiceTests" time="0.0"/>
  <testcase name="stringToBooleanInvalidString()" classname="org.springframework.core.convert.converter.DefaultConversionServiceTests" time="0.001"/>
  <testcase name="convertCollectionToStringWithElementConversion()" classname="org.springframework.core.convert.converter.DefaultConversionServiceTests" time="0.0"/>
  <testcase name="byteToString()" classname="org.springframework.core.convert.converter.DefaultConversionServiceTests" time="0.001"/>
  <testcase name="stringToCharacterInvalidString()" classname="org.springframework.core.convert.converter.DefaultConversionServiceTests" time="0.001"/>
  <testcase name="integerToEnumNull()" classname="org.springframework.core.convert.converter.DefaultConversionServiceTests" time="0.001"/>
  <testcase name="uuidToStringAndStringToUuid()" classname="org.springframework.core.convert.converter.DefaultConversionServiceTests" time="0.002"/>
  <testcase name="stringToDouble()" classname="org.springframework.core.convert.converter.DefaultConversionServiceTests" time="0.002"/>
  <testcase name="convertCollectionToArray()" classname="org.springframework.core.convert.converter.DefaultConversionServiceTests" time="0.001"/>
  <testcase name="convertObjectToObjectFinderMethod()" classname="org.springframework.core.convert.converter.DefaultConversionServiceTests" time="0.001"/>
  <testcase name="convertObjectToOptionalNull()" classname="org.springframework.core.convert.converter.DefaultConversionServiceTests" time="0.0"/>
  <testcase name="convertCollectionToObject()" classname="org.springframework.core.convert.converter.DefaultConversionServiceTests" time="0.0"/>
  <testcase name="floatToString()" classname="org.springframework.core.convert.converter.DefaultConversionServiceTests" time="0.002"/>
  <testcase name="convertCharArrayToString()" classname="org.springframework.core.convert.converter.DefaultConversionServiceTests" time="0.001"/>
  <testcase name="convertObjectToObjectUsingValueOfMethod()" classname="org.springframework.core.convert.converter.DefaultConversionServiceTests" time="0.0"/>
  <testcase name="stringToLocale()" classname="org.springframework.core.convert.converter.DefaultConversionServiceTests" time="0.0"/>
  <testcase name="convertObjectToObjectNoValueOfMethodOrConstructor()" classname="org.springframework.core.convert.converter.DefaultConversionServiceTests" time="0.003"/>
  <testcase name="convertCollectionToString()" classname="org.springframework.core.convert.converter.DefaultConversionServiceTests" time="0.001"/>
  <testcase name="convertListOfStringToString()" classname="org.springframework.core.convert.converter.DefaultConversionServiceTests" time="0.004"/>
  <testcase name="stringToNumber()" classname="org.springframework.core.convert.converter.DefaultConversionServiceTests" time="0.0"/>
  <testcase name="convertCollectionToObjectAssignableTarget()" classname="org.springframework.core.convert.converter.DefaultConversionServiceTests" time="0.001"/>
  <testcase name="convertByteArrayToWrapperArray()" classname="org.springframework.core.convert.converter.DefaultConversionServiceTests" time="0.0"/>
  <testcase name="characterToNumber()" classname="org.springframework.core.convert.converter.DefaultConversionServiceTests" time="0.0"/>
  <testcase name="convertArrayToObject()" classname="org.springframework.core.convert.converter.DefaultConversionServiceTests" time="0.001"/>
  <testcase name="convertArrayToStringWithElementConversion()" classname="org.springframework.core.convert.converter.DefaultConversionServiceTests" time="0.0"/>
  <testcase name="stringToBooleanEmptyString()" classname="org.springframework.core.convert.converter.DefaultConversionServiceTests" time="0.0"/>
  <testcase name="convertStringArrayToIntegerArray()" classname="org.springframework.core.convert.converter.DefaultConversionServiceTests" time="0.001"/>
  <testcase name="currencyToString()" classname="org.springframework.core.convert.converter.DefaultConversionServiceTests" time="0.002"/>
  <testcase name="convertArrayToCollectionGenericTypeConversion()" classname="org.springframework.core.convert.converter.DefaultConversionServiceTests" time="0.001"/>
  <testcase name="stringToString()" classname="org.springframework.core.convert.converter.DefaultConversionServiceTests" time="0.001"/>
  <testcase name="stringToCurrency()" classname="org.springframework.core.convert.converter.DefaultConversionServiceTests" time="0.0"/>
  <testcase name="stringToCharacterEmptyString()" classname="org.springframework.core.convert.converter.DefaultConversionServiceTests" time="0.0"/>
  <testcase name="stringToBooleanFalse()" classname="org.springframework.core.convert.converter.DefaultConversionServiceTests" time="0.001"/>
  <testcase name="multidimensionalArrayToListConversionShouldConvertEntriesCorrectly()" classname="org.springframework.core.convert.converter.DefaultConversionServiceTests" time="0.004"/>
  <testcase name="convertObjectArrayToIntegerArray()" classname="org.springframework.core.convert.converter.DefaultConversionServiceTests" time="0.001"/>
  <testcase name="numberToNumberNotSupportedNumber()" classname="org.springframework.core.convert.converter.DefaultConversionServiceTests" time="0.001"/>
  <testcase name="convertStringToArrayWithElementConversion()" classname="org.springframework.core.convert.converter.DefaultConversionServiceTests" time="0.0"/>
  <testcase name="convertStringArrayToIntArray()" classname="org.springframework.core.convert.converter.DefaultConversionServiceTests" time="0.0"/>
  <testcase name="characterToString()" classname="org.springframework.core.convert.converter.DefaultConversionServiceTests" time="0.0"/>
  <testcase name="convertArrayToStream()" classname="org.springframework.core.convert.converter.DefaultConversionServiceTests" time="0.002"/>
  <testcase name="convertArrayToString()" classname="org.springframework.core.convert.converter.DefaultConversionServiceTests" time="0.0"/>
  <testcase name="convertObjectArrayToIntArray()" classname="org.springframework.core.convert.converter.DefaultConversionServiceTests" time="0.003"/>
  <testcase name="stringToCharacter()" classname="org.springframework.core.convert.converter.DefaultConversionServiceTests" time="0.0"/>
  <testcase name="convertExistingOptional()" classname="org.springframework.core.convert.converter.DefaultConversionServiceTests" time="0.001"/>
  <testcase name="numberToNumber()" classname="org.springframework.core.convert.converter.DefaultConversionServiceTests" time="0.0"/>
  <testcase name="doubleToString()" classname="org.springframework.core.convert.converter.DefaultConversionServiceTests" time="0.0"/>
  <testcase name="convertCollectionToCollectionNotGeneric()" classname="org.springframework.core.convert.converter.DefaultConversionServiceTests" time="0.0"/>
  <testcase name="convertStringToCollection()" classname="org.springframework.core.convert.converter.DefaultConversionServiceTests" time="0.0"/>
  <testcase name="convertStringToPrimitiveArrayWithElementConversion()" classname="org.springframework.core.convert.converter.DefaultConversionServiceTests" time="0.0"/>
  <testcase name="convertObjectToCollectionWithElementConversion()" classname="org.springframework.core.convert.converter.DefaultConversionServiceTests" time="0.0"/>
  <testcase name="charsetToString()" classname="org.springframework.core.convert.converter.DefaultConversionServiceTests" time="0.001"/>
  <testcase name="enumToString()" classname="org.springframework.core.convert.converter.DefaultConversionServiceTests" time="0.001"/>
  <testcase name="convertCollectionToCollection()" classname="org.springframework.core.convert.converter.DefaultConversionServiceTests" time="0.0"/>
  <testcase name="shortToString()" classname="org.springframework.core.convert.converter.DefaultConversionServiceTests" time="0.0"/>
  <testcase name="convertHashMapValuesToList()" classname="org.springframework.core.convert.converter.DefaultConversionServiceTests" time="0.001"/>
  <testcase name="convertCollectionToObjectWithCustomConverter()" classname="org.springframework.core.convert.converter.DefaultConversionServiceTests" time="0.001"/>
  <testcase name="convertStringToCharArray()" classname="org.springframework.core.convert.converter.DefaultConversionServiceTests" time="0.001"/>
  <testcase name="convertMapToMap()" classname="org.springframework.core.convert.converter.DefaultConversionServiceTests" time="0.0"/>
  <testcase name="convertArrayToCollectionImpl()" classname="org.springframework.core.convert.converter.DefaultConversionServiceTests" time="0.0"/>
  <testcase name="convertArrayToArrayAssignable()" classname="org.springframework.core.convert.converter.DefaultConversionServiceTests" time="0.001"/>
  <testcase name="convertIntegerArrayToIntegerArray()" classname="org.springframework.core.convert.converter.DefaultConversionServiceTests" time="0.0"/>
  <system-out><![CDATA[]]></system-out>
  <system-err><![CDATA[]]></system-err>
</testsuite>
