<?xml version="1.0" encoding="UTF-8"?>
<testsuite name="org.springframework.util.FileSystemUtilsTests" tests="2" skipped="0" failures="0" errors="0" timestamp="2020-12-21T06:24:41" hostname="LAPTOP-B97AJCLT" time="0.041">
  <properties/>
  <testcase name="deleteRecursively()" classname="org.springframework.util.FileSystemUtilsTests" time="0.012"/>
  <testcase name="copyRecursively()" classname="org.springframework.util.FileSystemUtilsTests" time="0.028"/>
  <system-out><![CDATA[]]></system-out>
  <system-err><![CDATA[]]></system-err>
</testsuite>
