<?xml version="1.0" encoding="UTF-8"?>
<testsuite name="org.springframework.core.type.classreading.MethodMetadataReadingVisitorTests" tests="18" skipped="0" failures="0" errors="0" timestamp="2020-12-21T06:24:40" hostname="LAPTOP-B97AJCLT" time="0.04">
  <properties/>
  <testcase name="getDeclaringClassReturnsDeclaringClass()" classname="org.springframework.core.type.classreading.MethodMetadataReadingVisitorTests" time="0.002"/>
  <testcase name="metadataLoadsForNestedAnnotations()" classname="org.springframework.core.type.classreading.MethodMetadataReadingVisitorTests" time="0.007"/>
  <testcase name="isAnnotatedWhenMatchesDirectAnnotationReturnsTrue()" classname="org.springframework.core.type.classreading.MethodMetadataReadingVisitorTests" time="0.001"/>
  <testcase name="isFinalWhenFinalReturnsTrue()" classname="org.springframework.core.type.classreading.MethodMetadataReadingVisitorTests" time="0.002"/>
  <testcase name="isStatusWhenStaticReturnsTrue()" classname="org.springframework.core.type.classreading.MethodMetadataReadingVisitorTests" time="0.001"/>
  <testcase name="isAbstractWhenNotAbstractReturnsFalse()" classname="org.springframework.core.type.classreading.MethodMetadataReadingVisitorTests" time="0.001"/>
  <testcase name="getReturnTypeReturnsReturnType()" classname="org.springframework.core.type.classreading.MethodMetadataReadingVisitorTests" time="0.001"/>
  <testcase name="isOverridableWhenOverridableReturnsTrue()" classname="org.springframework.core.type.classreading.MethodMetadataReadingVisitorTests" time="0.0"/>
  <testcase name="getAllAnnotationAttributesReturnsAllAttributes()" classname="org.springframework.core.type.classreading.MethodMetadataReadingVisitorTests" time="0.004"/>
  <testcase name="getMethodNameReturnsMethodName()" classname="org.springframework.core.type.classreading.MethodMetadataReadingVisitorTests" time="0.001"/>
  <testcase name="getAnnotationAttributesReturnsAttributes()" classname="org.springframework.core.type.classreading.MethodMetadataReadingVisitorTests" time="0.002"/>
  <testcase name="isAbstractWhenAbstractReturnsTrue()" classname="org.springframework.core.type.classreading.MethodMetadataReadingVisitorTests" time="0.001"/>
  <testcase name="isAnnotatedWhenDoesNotMatchDirectOrMetaAnnotationReturnsFalse()" classname="org.springframework.core.type.classreading.MethodMetadataReadingVisitorTests" time="0.001"/>
  <testcase name="isAnnotatedWhenMatchesMetaAnnotationReturnsTrue()" classname="org.springframework.core.type.classreading.MethodMetadataReadingVisitorTests" time="0.003"/>
  <testcase name="isFinalWhenNonFinalReturnsFalse()" classname="org.springframework.core.type.classreading.MethodMetadataReadingVisitorTests" time="0.001"/>
  <testcase name="isOverridableWhenNonOverridableReturnsFalse()" classname="org.springframework.core.type.classreading.MethodMetadataReadingVisitorTests" time="0.002"/>
  <testcase name="isStaticWhenNotStaticReturnsFalse()" classname="org.springframework.core.type.classreading.MethodMetadataReadingVisitorTests" time="0.001"/>
  <testcase name="getAnnotationsReturnsDirectAnnotations()" classname="org.springframework.core.type.classreading.MethodMetadataReadingVisitorTests" time="0.002"/>
  <system-out><![CDATA[]]></system-out>
  <system-err><![CDATA[]]></system-err>
</testsuite>
