<?xml version="1.0" encoding="UTF-8"?>
<testsuite name="org.springframework.util.StopWatchTests" tests="5" skipped="0" failures="0" errors="0" timestamp="2020-12-21T06:24:42" hostname="LAPTOP-B97AJCLT" time="0.611">
  <properties/>
  <testcase name="failureToStartBeforeStop()" classname="org.springframework.util.StopWatchTests" time="0.001"/>
  <testcase name="validUsageDoesNotKeepTaskList()" classname="org.springframework.util.StopWatchTests" time="0.302"/>
  <testcase name="rejectsStartTwice()" classname="org.springframework.util.StopWatchTests" time="0.001"/>
  <testcase name="validUsage()" classname="org.springframework.util.StopWatchTests" time="0.305"/>
  <testcase name="failureToStartBeforeGettingTimings()" classname="org.springframework.util.StopWatchTests" time="0.001"/>
  <system-out><![CDATA[]]></system-out>
  <system-err><![CDATA[]]></system-err>
</testsuite>
