<?xml version="1.0" encoding="UTF-8"?>
<testsuite name="org.springframework.core.ConstantsTests" tests="11" skipped="0" failures="0" errors="0" timestamp="2020-12-21T06:24:29" hostname="LAPTOP-B97AJCLT" time="0.009">
  <properties/>
  <testcase name="ctorWithNullClass()" classname="org.springframework.core.ConstantsTests" time="0.001"/>
  <testcase name="getValuesInTurkey()" classname="org.springframework.core.ConstantsTests" time="0.001"/>
  <testcase name="suffixAccess()" classname="org.springframework.core.ConstantsTests" time="0.001"/>
  <testcase name="toCode()" classname="org.springframework.core.ConstantsTests" time="0.002"/>
  <testcase name="getValuesWithEmptyStringPrefix()" classname="org.springframework.core.ConstantsTests" time="0.0"/>
  <testcase name="constants()" classname="org.springframework.core.ConstantsTests" time="0.0"/>
  <testcase name="getValuesWithNullPrefix()" classname="org.springframework.core.ConstantsTests" time="0.001"/>
  <testcase name="getValues()" classname="org.springframework.core.ConstantsTests" time="0.0"/>
  <testcase name="withClassThatExposesNoConstants()" classname="org.springframework.core.ConstantsTests" time="0.0"/>
  <testcase name="getValuesWithWhitespacedStringPrefix()" classname="org.springframework.core.ConstantsTests" time="0.001"/>
  <testcase name="getNames()" classname="org.springframework.core.ConstantsTests" time="0.0"/>
  <system-out><![CDATA[]]></system-out>
  <system-err><![CDATA[]]></system-err>
</testsuite>
