<?xml version="1.0" encoding="UTF-8"?>
<testsuite name="org.springframework.util.FileCopyUtilsTests" tests="6" skipped="0" failures="0" errors="0" timestamp="2020-12-21T06:24:41" hostname="LAPTOP-B97AJCLT" time="0.002">
  <properties/>
  <testcase name="copyFromInputStream()" classname="org.springframework.util.FileCopyUtilsTests" time="0.0"/>
  <testcase name="copyToString()" classname="org.springframework.util.FileCopyUtilsTests" time="0.001"/>
  <testcase name="copyFromByteArray()" classname="org.springframework.util.FileCopyUtilsTests" time="0.0"/>
  <testcase name="copyToByteArray()" classname="org.springframework.util.FileCopyUtilsTests" time="0.0"/>
  <testcase name="copyFromReader()" classname="org.springframework.util.FileCopyUtilsTests" time="0.0"/>
  <testcase name="copyFromString()" classname="org.springframework.util.FileCopyUtilsTests" time="0.0"/>
  <system-out><![CDATA[]]></system-out>
  <system-err><![CDATA[]]></system-err>
</testsuite>
