<?xml version="1.0" encoding="UTF-8"?>
<testsuite name="org.springframework.core.type.CachingMetadataReaderLeakTests" tests="1" skipped="1" failures="0" errors="0" timestamp="2020-12-21T06:24:40" hostname="LAPTOP-B97AJCLT" time="0.0">
  <properties/>
  <testcase name="significantLoad()" classname="org.springframework.core.type.CachingMetadataReaderLeakTests" time="0.0">
    <skipped/>
  </testcase>
  <system-out><![CDATA[]]></system-out>
  <system-err><![CDATA[]]></system-err>
</testsuite>
