<?xml version="1.0" encoding="UTF-8"?>
<testsuite name="org.springframework.core.codec.NettyByteBufEncoderTests" tests="2" skipped="0" failures="0" errors="0" timestamp="2020-12-21T06:24:28" hostname="LAPTOP-B97AJCLT" time="0.002">
  <properties/>
  <testcase name="encode()" classname="org.springframework.core.codec.NettyByteBufEncoderTests" time="0.002"/>
  <testcase name="canEncode()" classname="org.springframework.core.codec.NettyByteBufEncoderTests" time="0.0"/>
  <system-out><![CDATA[]]></system-out>
  <system-err><![CDATA[]]></system-err>
</testsuite>
