<?xml version="1.0" encoding="UTF-8"?>
<testsuite name="org.springframework.util.ClassUtilsTests" tests="76" skipped="0" failures="0" errors="0" timestamp="2020-12-21T06:24:41" hostname="LAPTOP-B97AJCLT" time="0.16">
  <properties/>
  <testcase name="determineCommonAncestor()" classname="org.springframework.util.ClassUtilsTests" time="0.001"/>
  <testcase name="getShortName()" classname="org.springframework.util.ClassUtilsTests" time="0.001"/>
  <testcase name="getShortNameForObjectArrayClass()" classname="org.springframework.util.ClassUtilsTests" time="0.002"/>
  <testcase name="getQualifiedName()" classname="org.springframework.util.ClassUtilsTests" time="0.002"/>
  <testcase name="getMethodCountForName()" classname="org.springframework.util.ClassUtilsTests" time="0.0"/>
  <testcase name="[1] input=boolean, output=boolean" classname="org.springframework.util.ClassUtilsTests" time="0.003"/>
  <testcase name="[2] input=byte, output=byte" classname="org.springframework.util.ClassUtilsTests" time="0.002"/>
  <testcase name="[3] input=char, output=char" classname="org.springframework.util.ClassUtilsTests" time="0.0"/>
  <testcase name="[4] input=short, output=short" classname="org.springframework.util.ClassUtilsTests" time="0.0"/>
  <testcase name="[5] input=int, output=int" classname="org.springframework.util.ClassUtilsTests" time="0.001"/>
  <testcase name="[6] input=long, output=long" classname="org.springframework.util.ClassUtilsTests" time="0.0"/>
  <testcase name="[7] input=float, output=float" classname="org.springframework.util.ClassUtilsTests" time="0.001"/>
  <testcase name="[8] input=double, output=double" classname="org.springframework.util.ClassUtilsTests" time="0.001"/>
  <testcase name="[9] input=[Z, output=boolean[]" classname="org.springframework.util.ClassUtilsTests" time="0.0"/>
  <testcase name="[10] input=[B, output=byte[]" classname="org.springframework.util.ClassUtilsTests" time="0.001"/>
  <testcase name="[11] input=[C, output=char[]" classname="org.springframework.util.ClassUtilsTests" time="0.002"/>
  <testcase name="[12] input=[S, output=short[]" classname="org.springframework.util.ClassUtilsTests" time="0.0"/>
  <testcase name="[13] input=[I, output=int[]" classname="org.springframework.util.ClassUtilsTests" time="0.0"/>
  <testcase name="[14] input=[J, output=long[]" classname="org.springframework.util.ClassUtilsTests" time="0.001"/>
  <testcase name="[15] input=[F, output=float[]" classname="org.springframework.util.ClassUtilsTests" time="0.001"/>
  <testcase name="[16] input=[D, output=double[]" classname="org.springframework.util.ClassUtilsTests" time="0.001"/>
  <testcase name="getMethodIfAvailable()" classname="org.springframework.util.ClassUtilsTests" time="0.001"/>
  <testcase name="getQualifiedNameForMultiDimensionalObjectArrayClass()" classname="org.springframework.util.ClassUtilsTests" time="0.0"/>
  <testcase name="isAssignable()" classname="org.springframework.util.ClassUtilsTests" time="0.001"/>
  <testcase name="getQualifiedNameForMultiDimensionalPrimitiveArrayClass()" classname="org.springframework.util.ClassUtilsTests" time="0.0"/>
  <testcase name="forNameWithPrimitiveArraysInternalName()" classname="org.springframework.util.ClassUtilsTests" time="0.0"/>
  <testcase name="getQualifiedNameForObjectArrayClass()" classname="org.springframework.util.ClassUtilsTests" time="0.0"/>
  <testcase name="isPresent()" classname="org.springframework.util.ClassUtilsTests" time="0.001"/>
  <testcase name="argsStaticMethod()" classname="org.springframework.util.ClassUtilsTests" time="0.001"/>
  <testcase name="getClassFileName()" classname="org.springframework.util.ClassUtilsTests" time="0.0"/>
  <testcase name="forName()" classname="org.springframework.util.ClassUtilsTests" time="0.001"/>
  <testcase name="forNameWithPrimitiveArrays()" classname="org.springframework.util.ClassUtilsTests" time="0.0"/>
  <testcase name="hasMethod()" classname="org.springframework.util.ClassUtilsTests" time="0.001"/>
  <testcase name="classNamesToString()" classname="org.springframework.util.ClassUtilsTests" time="0.001"/>
  <testcase name="getShortNameForInnerClass()" classname="org.springframework.util.ClassUtilsTests" time="0.0"/>
  <testcase name="[1] type=boolean" classname="org.springframework.util.ClassUtilsTests" time="0.001"/>
  <testcase name="[2] type=char" classname="org.springframework.util.ClassUtilsTests" time="0.0"/>
  <testcase name="[3] type=byte" classname="org.springframework.util.ClassUtilsTests" time="0.0"/>
  <testcase name="[4] type=short" classname="org.springframework.util.ClassUtilsTests" time="0.001"/>
  <testcase name="[5] type=int" classname="org.springframework.util.ClassUtilsTests" time="0.001"/>
  <testcase name="[6] type=long" classname="org.springframework.util.ClassUtilsTests" time="0.001"/>
  <testcase name="[7] type=float" classname="org.springframework.util.ClassUtilsTests" time="0.001"/>
  <testcase name="[8] type=double" classname="org.springframework.util.ClassUtilsTests" time="0.0"/>
  <testcase name="[9] type=void" classname="org.springframework.util.ClassUtilsTests" time="0.0"/>
  <testcase name="forNameWithPrimitiveClasses()" classname="org.springframework.util.ClassUtilsTests" time="0.001"/>
  <testcase name="[1] type=class java.lang.Boolean" classname="org.springframework.util.ClassUtilsTests" time="0.0"/>
  <testcase name="[2] type=class java.lang.Character" classname="org.springframework.util.ClassUtilsTests" time="0.0"/>
  <testcase name="[3] type=class java.lang.Byte" classname="org.springframework.util.ClassUtilsTests" time="0.0"/>
  <testcase name="[4] type=class java.lang.Short" classname="org.springframework.util.ClassUtilsTests" time="0.0"/>
  <testcase name="[5] type=class java.lang.Integer" classname="org.springframework.util.ClassUtilsTests" time="0.0"/>
  <testcase name="[6] type=class java.lang.Long" classname="org.springframework.util.ClassUtilsTests" time="0.0"/>
  <testcase name="[7] type=class java.lang.Float" classname="org.springframework.util.ClassUtilsTests" time="0.0"/>
  <testcase name="[8] type=class java.lang.Double" classname="org.springframework.util.ClassUtilsTests" time="0.0"/>
  <testcase name="[9] type=class java.lang.Void" classname="org.springframework.util.ClassUtilsTests" time="0.0"/>
  <testcase name="noArgsStaticMethod()" classname="org.springframework.util.ClassUtilsTests" time="0.001"/>
  <testcase name="getPackageName()" classname="org.springframework.util.ClassUtilsTests" time="0.0"/>
  <testcase name="addResourcePathToPackagePath()" classname="org.springframework.util.ClassUtilsTests" time="0.001"/>
  <testcase name="isCacheSafe()" classname="org.springframework.util.ClassUtilsTests" time="0.003"/>
  <testcase name="overloadedStaticMethod()" classname="org.springframework.util.ClassUtilsTests" time="0.0"/>
  <testcase name="getShortNameForPrimitiveArrayClass()" classname="org.springframework.util.ClassUtilsTests" time="0.001"/>
  <testcase name="countOverloadedMethods()" classname="org.springframework.util.ClassUtilsTests" time="0.0"/>
  <testcase name="getShortNameForMultiDimensionalPrimitiveArrayClass()" classname="org.springframework.util.ClassUtilsTests" time="0.001"/>
  <testcase name="getShortNameForMultiDimensionalObjectArrayClass()" classname="org.springframework.util.ClassUtilsTests" time="0.0"/>
  <testcase name="getAllInterfaces()" classname="org.springframework.util.ClassUtilsTests" time="0.001"/>
  <testcase name="classPackageAsResourcePath()" classname="org.springframework.util.ClassUtilsTests" time="0.001"/>
  <testcase name="getShortNameAsProperty()" classname="org.springframework.util.ClassUtilsTests" time="0.0"/>
  <testcase name="getQualifiedNameForPrimitiveArrayClass()" classname="org.springframework.util.ClassUtilsTests" time="0.0"/>
  <testcase name="[1] type=class java.lang.Boolean" classname="org.springframework.util.ClassUtilsTests" time="0.0"/>
  <testcase name="[2] type=class java.lang.Character" classname="org.springframework.util.ClassUtilsTests" time="0.001"/>
  <testcase name="[3] type=class java.lang.Byte" classname="org.springframework.util.ClassUtilsTests" time="0.0"/>
  <testcase name="[4] type=class java.lang.Short" classname="org.springframework.util.ClassUtilsTests" time="0.0"/>
  <testcase name="[5] type=class java.lang.Integer" classname="org.springframework.util.ClassUtilsTests" time="0.0"/>
  <testcase name="[6] type=class java.lang.Long" classname="org.springframework.util.ClassUtilsTests" time="0.0"/>
  <testcase name="[7] type=class java.lang.Float" classname="org.springframework.util.ClassUtilsTests" time="0.0"/>
  <testcase name="[8] type=class java.lang.Double" classname="org.springframework.util.ClassUtilsTests" time="0.0"/>
  <testcase name="[9] type=class java.lang.Void" classname="org.springframework.util.ClassUtilsTests" time="0.001"/>
  <system-out><![CDATA[]]></system-out>
  <system-err><![CDATA[]]></system-err>
</testsuite>
