<?xml version="1.0" encoding="UTF-8"?>
<testsuite name="org.springframework.core.type.InheritedAnnotationsAnnotationMetadataTests" tests="7" skipped="0" failures="0" errors="0" timestamp="2020-12-21T06:24:40" hostname="LAPTOP-B97AJCLT" time="0.015">
  <properties/>
  <testcase name="getAnnotationAttributes()" classname="org.springframework.core.type.InheritedAnnotationsAnnotationMetadataTests" time="0.006"/>
  <testcase name="isAnnotated()" classname="org.springframework.core.type.InheritedAnnotationsAnnotationMetadataTests" time="0.0"/>
  <testcase name="hasMetaAnnotation()" classname="org.springframework.core.type.InheritedAnnotationsAnnotationMetadataTests" time="0.001"/>
  <testcase name="getMetaAnnotationTypes()" classname="org.springframework.core.type.InheritedAnnotationsAnnotationMetadataTests" time="0.001"/>
  <testcase name="hasAnnotation()" classname="org.springframework.core.type.InheritedAnnotationsAnnotationMetadataTests" time="0.001"/>
  <testcase name="getAllAnnotationAttributes()" classname="org.springframework.core.type.InheritedAnnotationsAnnotationMetadataTests" time="0.0"/>
  <testcase name="getAnnotationTypes()" classname="org.springframework.core.type.InheritedAnnotationsAnnotationMetadataTests" time="0.001"/>
  <system-out><![CDATA[]]></system-out>
  <system-err><![CDATA[]]></system-err>
</testsuite>
