<?xml version="1.0" encoding="UTF-8"?>
<testsuite name="org.springframework.core.annotation.MergedAnnotationClassLoaderTests" tests="1" skipped="0" failures="0" errors="0" timestamp="2020-12-21T06:24:27" hostname="LAPTOP-B97AJCLT" time="0.007">
  <properties/>
  <testcase name="synthesizedUsesCorrectClassLoader()" classname="org.springframework.core.annotation.MergedAnnotationClassLoaderTests" time="0.007"/>
  <system-out><![CDATA[]]></system-out>
  <system-err><![CDATA[]]></system-err>
</testsuite>
