<?xml version="1.0" encoding="UTF-8"?>
<testsuite name="org.springframework.core.annotation.AnnotationIntrospectionFailureTests" tests="3" skipped="0" failures="0" errors="0" timestamp="2020-12-21T06:24:26" hostname="LAPTOP-B97AJCLT" time="0.018">
  <properties/>
  <testcase name="filteredTypeThrowsTypeNotPresentException()" classname="org.springframework.core.annotation.AnnotationIntrospectionFailureTests" time="0.009"/>
  <testcase name="filteredTypeInMetaAnnotationWhenUsingAnnotatedElementUtilsHandlesException()" classname="org.springframework.core.annotation.AnnotationIntrospectionFailureTests" time="0.005"/>
  <testcase name="filteredTypeInMetaAnnotationWhenUsingMergedAnnotationsHandlesException()" classname="org.springframework.core.annotation.AnnotationIntrospectionFailureTests" time="0.004"/>
  <system-out><![CDATA[]]></system-out>
  <system-err><![CDATA[]]></system-err>
</testsuite>
