<?xml version="1.0" encoding="UTF-8"?>
<testsuite name="org.springframework.core.convert.converter.ConverterTests" tests="4" skipped="0" failures="0" errors="0" timestamp="2020-12-21T06:24:29" hostname="LAPTOP-B97AJCLT" time="0.002">
  <properties/>
  <testcase name="andThenWhenGivenConverterThenComposesInOrder()" classname="org.springframework.core.convert.converter.ConverterTests" time="0.0"/>
  <testcase name="andThenWhenGivenANullConverterThenThrowsException()" classname="org.springframework.core.convert.converter.ConverterTests" time="0.001"/>
  <testcase name="andThenCanConvertfromDifferentSourceType()" classname="org.springframework.core.convert.converter.ConverterTests" time="0.0"/>
  <testcase name="andThenCanConvertToDifferentTargetType()" classname="org.springframework.core.convert.converter.ConverterTests" time="0.001"/>
  <system-out><![CDATA[]]></system-out>
  <system-err><![CDATA[]]></system-err>
</testsuite>
