<?xml version="1.0" encoding="UTF-8"?>
<testsuite name="org.springframework.util.CollectionUtilsTests" tests="12" skipped="0" failures="0" errors="0" timestamp="2020-12-21T06:24:41" hostname="LAPTOP-B97AJCLT" time="0.006">
  <properties/>
  <testcase name="mergeArrayIntoCollection()" classname="org.springframework.util.CollectionUtilsTests" time="0.0"/>
  <testcase name="findFirstMatch()" classname="org.springframework.util.CollectionUtilsTests" time="0.001"/>
  <testcase name="containsInstanceWithSameInstance()" classname="org.springframework.util.CollectionUtilsTests" time="0.0"/>
  <testcase name="contains()" classname="org.springframework.util.CollectionUtilsTests" time="0.0"/>
  <testcase name="mergePrimitiveArrayIntoCollection()" classname="org.springframework.util.CollectionUtilsTests" time="0.001"/>
  <testcase name="containsInstanceWithInstancesThatAreEqualButDistinct()" classname="org.springframework.util.CollectionUtilsTests" time="0.0"/>
  <testcase name="containsAny()" classname="org.springframework.util.CollectionUtilsTests" time="0.0"/>
  <testcase name="hasUniqueObject()" classname="org.springframework.util.CollectionUtilsTests" time="0.0"/>
  <testcase name="mergePropertiesIntoMap()" classname="org.springframework.util.CollectionUtilsTests" time="0.001"/>
  <testcase name="containsInstanceWithNullCollection()" classname="org.springframework.util.CollectionUtilsTests" time="0.0"/>
  <testcase name="containsInstanceWithNullInstance()" classname="org.springframework.util.CollectionUtilsTests" time="0.0"/>
  <testcase name="isEmpty()" classname="org.springframework.util.CollectionUtilsTests" time="0.001"/>
  <system-out><![CDATA[]]></system-out>
  <system-err><![CDATA[]]></system-err>
</testsuite>
