<?xml version="1.0" encoding="UTF-8"?>
<testsuite name="org.springframework.util.AssertTests" tests="109" skipped="0" failures="0" errors="0" timestamp="2020-12-21T06:24:40" hostname="LAPTOP-B97AJCLT" time="0.109">
  <properties/>
  <testcase name="noNullElementsWithEmptyCollectionAndMessageSupplier()" classname="org.springframework.util.AssertTests" time="0.001"/>
  <testcase name="hasLengthWithEmptyStringAndMessageSupplier()" classname="org.springframework.util.AssertTests" time="0.001"/>
  <testcase name="isAssignableWithNullSupertype()" classname="org.springframework.util.AssertTests" time="0.0"/>
  <testcase name="stateWithMessage()" classname="org.springframework.util.AssertTests" time="0.0"/>
  <testcase name="stateWithFalseExpressionAndNullMessageSupplier()" classname="org.springframework.util.AssertTests" time="0.001"/>
  <testcase name="isAssignableWithTypeMismatchAndCustomMessage()" classname="org.springframework.util.AssertTests" time="0.0"/>
  <testcase name="hasTextWithEmptyString()" classname="org.springframework.util.AssertTests" time="0.0"/>
  <testcase name="noNullElementsWithNullElementsAndNullMessageSupplier()" classname="org.springframework.util.AssertTests" time="0.0"/>
  <testcase name="hasTextWithMessageSupplier()" classname="org.springframework.util.AssertTests" time="0.001"/>
  <testcase name="stateWithFalseExpressionAndMessageSupplier()" classname="org.springframework.util.AssertTests" time="0.001"/>
  <testcase name="noNullElementsWithMessageSupplier()" classname="org.springframework.util.AssertTests" time="0.0"/>
  <testcase name="stateWithFalseExpression()" classname="org.springframework.util.AssertTests" time="0.0"/>
  <testcase name="isAssignableWithNullSubtypeAndMessageSupplier()" classname="org.springframework.util.AssertTests" time="0.001"/>
  <testcase name="isNullWithNonNullObjectAndMessageSupplier()" classname="org.springframework.util.AssertTests" time="0.003"/>
  <testcase name="isInstanceOfWithTypeMismatchAndCustomMessageWithSeparator()" classname="org.springframework.util.AssertTests" time="0.001"/>
  <testcase name="isAssignableWithTypeMismatchAndCustomMessageWithSpace()" classname="org.springframework.util.AssertTests" time="0.001"/>
  <testcase name="notEmptyMapWithNullMapAndMessageSupplier()" classname="org.springframework.util.AssertTests" time="0.001"/>
  <testcase name="isNullWithMessage()" classname="org.springframework.util.AssertTests" time="0.001"/>
  <testcase name="hasLengthWithNull()" classname="org.springframework.util.AssertTests" time="0.0"/>
  <testcase name="notNullWithMessageSupplier()" classname="org.springframework.util.AssertTests" time="0.001"/>
  <testcase name="noNullElementsWithNullArrayAndMessageSupplier()" classname="org.springframework.util.AssertTests" time="0.002"/>
  <testcase name="noNullElementsWithCollectionAndNullElement()" classname="org.springframework.util.AssertTests" time="0.001"/>
  <testcase name="noNullElementsWithEmptyCollection()" classname="org.springframework.util.AssertTests" time="0.0"/>
  <testcase name="noNullElementsWithNullElementsAndMessageSupplier()" classname="org.springframework.util.AssertTests" time="0.0"/>
  <testcase name="isInstanceOf()" classname="org.springframework.util.AssertTests" time="0.0"/>
  <testcase name="hasTextWithNullAndNullMessageSupplier()" classname="org.springframework.util.AssertTests" time="0.001"/>
  <testcase name="hasLengthWithEmptyString()" classname="org.springframework.util.AssertTests" time="0.0"/>
  <testcase name="notEmptyCollectionWithMessageSupplier()" classname="org.springframework.util.AssertTests" time="0.0"/>
  <testcase name="isAssignable()" classname="org.springframework.util.AssertTests" time="0.0"/>
  <testcase name="notEmptyArrayWithEmptyArrayAndMessageSupplier()" classname="org.springframework.util.AssertTests" time="0.001"/>
  <testcase name="doesNotContainWithNullSearchStringAndMessageSupplier()" classname="org.springframework.util.AssertTests" time="0.001"/>
  <testcase name="notEmptyCollectionWithEmptyCollectionAndMessageSupplier()" classname="org.springframework.util.AssertTests" time="0.001"/>
  <testcase name="notEmptyArrayWithEmptyArrayAndNullMessageSupplier()" classname="org.springframework.util.AssertTests" time="0.001"/>
  <testcase name="isNullWithMessageSupplier()" classname="org.springframework.util.AssertTests" time="0.0"/>
  <testcase name="notEmptyCollectionWithEmptyCollection()" classname="org.springframework.util.AssertTests" time="0.0"/>
  <testcase name="hasTextWithEmptyStringAndMessageSupplier()" classname="org.springframework.util.AssertTests" time="0.002"/>
  <testcase name="notEmptyCollectionWithEmptyCollectionAndNullMessageSupplier()" classname="org.springframework.util.AssertTests" time="0.0"/>
  <testcase name="noNullElementsWithCollection()" classname="org.springframework.util.AssertTests" time="0.0"/>
  <testcase name="hasLengthWithWhitespaceOnly()" classname="org.springframework.util.AssertTests" time="0.001"/>
  <testcase name="hasLength()" classname="org.springframework.util.AssertTests" time="0.0"/>
  <testcase name="doesNotContainWithNullSearchStringAndNullSubstringAndMessageSupplier()" classname="org.springframework.util.AssertTests" time="0.001"/>
  <testcase name="isNullWithNonNullObjectAndNullMessageSupplier()" classname="org.springframework.util.AssertTests" time="0.001"/>
  <testcase name="doesNotContainWithNullSubstringAndMessageSupplier()" classname="org.springframework.util.AssertTests" time="0.0"/>
  <testcase name="notNullWithMessage()" classname="org.springframework.util.AssertTests" time="0.001"/>
  <testcase name="noNullElementsWithCollectionAndNullElementAndNullMessageSupplier()" classname="org.springframework.util.AssertTests" time="0.0"/>
  <testcase name="isAssignableWithTypeMismatchAndNullMessageSupplier()" classname="org.springframework.util.AssertTests" time="0.001"/>
  <testcase name="doesNotContainWithNullSearchStringAndNullSubstring()" classname="org.springframework.util.AssertTests" time="0.0"/>
  <testcase name="isInstanceOfWithNullTypeAndMessageSupplier()" classname="org.springframework.util.AssertTests" time="0.001"/>
  <testcase name="doesNotContainWithEmptySubstring()" classname="org.springframework.util.AssertTests" time="0.0"/>
  <testcase name="notEmptyMapWithEmptyMap()" classname="org.springframework.util.AssertTests" time="0.001"/>
  <testcase name="notEmptyArrayWithNullArray()" classname="org.springframework.util.AssertTests" time="0.001"/>
  <testcase name="isInstanceOfWithTypeMismatchAndNullMessage()" classname="org.springframework.util.AssertTests" time="0.0"/>
  <testcase name="doesNotContainWithNullSearchString()" classname="org.springframework.util.AssertTests" time="0.0"/>
  <testcase name="hasTextWithNull()" classname="org.springframework.util.AssertTests" time="0.0"/>
  <testcase name="noNullElementsWithEmptyArray()" classname="org.springframework.util.AssertTests" time="0.0"/>
  <testcase name="state()" classname="org.springframework.util.AssertTests" time="0.0"/>
  <testcase name="hasLengthWithNullAndNullMessageSupplier()" classname="org.springframework.util.AssertTests" time="0.001"/>
  <testcase name="isInstanceOfWithTypeMismatchAndCustomMessage()" classname="org.springframework.util.AssertTests" time="0.001"/>
  <testcase name="isTrueWithMessageSupplier()" classname="org.springframework.util.AssertTests" time="0.0"/>
  <testcase name="notEmptyMapWithNullMap()" classname="org.springframework.util.AssertTests" time="0.0"/>
  <testcase name="isAssignableWithMessageSupplier()" classname="org.springframework.util.AssertTests" time="0.001"/>
  <testcase name="noNullElementsWithNullCollection()" classname="org.springframework.util.AssertTests" time="0.0"/>
  <testcase name="isTrueWithFalse()" classname="org.springframework.util.AssertTests" time="0.0"/>
  <testcase name="notNullWithNullAndMessageSupplier()" classname="org.springframework.util.AssertTests" time="0.001"/>
  <testcase name="noNullElementsWithNullCollectionAndMessageSupplier()" classname="org.springframework.util.AssertTests" time="0.001"/>
  <testcase name="hasLengthWithNullAndMessageSupplier()" classname="org.springframework.util.AssertTests" time="0.002"/>
  <testcase name="isInstanceOfWithTypeMismatchAndNullMessageSupplier()" classname="org.springframework.util.AssertTests" time="0.0"/>
  <testcase name="isAssignableWithNullSubtype()" classname="org.springframework.util.AssertTests" time="0.0"/>
  <testcase name="noNullElementsWithCollectionAndNullElementAndMessageSupplier()" classname="org.springframework.util.AssertTests" time="0.001"/>
  <testcase name="hasLengthWithMessageSupplier()" classname="org.springframework.util.AssertTests" time="0.0"/>
  <testcase name="notEmptyCollectionWithNullCollection()" classname="org.springframework.util.AssertTests" time="0.001"/>
  <testcase name="hasTextWithNullAndMessageSupplier()" classname="org.springframework.util.AssertTests" time="0.001"/>
  <testcase name="hasText()" classname="org.springframework.util.AssertTests" time="0.0"/>
  <testcase name="stateWithMessageSupplier()" classname="org.springframework.util.AssertTests" time="0.001"/>
  <testcase name="doesNotContainWithNullMessageSupplier()" classname="org.springframework.util.AssertTests" time="0.0"/>
  <testcase name="isInstanceOfWithTypeMismatchAndMessageSupplier()" classname="org.springframework.util.AssertTests" time="0.001"/>
  <testcase name="notEmptyCollectionWithNullCollectionAndMessageSupplier()" classname="org.springframework.util.AssertTests" time="0.001"/>
  <testcase name="isInstanceOfWithNullInstanceAndMessageSupplier()" classname="org.springframework.util.AssertTests" time="0.001"/>
  <testcase name="notEmptyArrayWithEmptyArray()" classname="org.springframework.util.AssertTests" time="0.004"/>
  <testcase name="doesNotContainWithSubstringPresentInSearchStringAndMessageSupplier()" classname="org.springframework.util.AssertTests" time="0.001"/>
  <testcase name="hasTextWithWhitespaceOnlyAndMessageSupplier()" classname="org.springframework.util.AssertTests" time="0.001"/>
  <testcase name="notEmptyCollection()" classname="org.springframework.util.AssertTests" time="0.0"/>
  <testcase name="isInstanceOfWithMessageSupplier()" classname="org.springframework.util.AssertTests" time="0.001"/>
  <testcase name="isTrueWithMessage()" classname="org.springframework.util.AssertTests" time="0.0"/>
  <testcase name="isInstanceOfWithTypeMismatchAndCustomMessageWithSpace()" classname="org.springframework.util.AssertTests" time="0.001"/>
  <testcase name="notEmptyArrayWithNullArrayAndMessageSupplier()" classname="org.springframework.util.AssertTests" time="0.001"/>
  <testcase name="stateWithFalseExpressionAndMessage()" classname="org.springframework.util.AssertTests" time="0.004"/>
  <testcase name="noNullElementsWithEmptyArrayAndMessageSupplier()" classname="org.springframework.util.AssertTests" time="0.001"/>
  <testcase name="noNullElementsWithCollectionAndMessageSupplier()" classname="org.springframework.util.AssertTests" time="0.001"/>
  <testcase name="notNullWithNullAndNullMessageSupplier()" classname="org.springframework.util.AssertTests" time="0.001"/>
  <testcase name="isTrueWithFalseAndNullMessageSupplier()" classname="org.springframework.util.AssertTests" time="0.001"/>
  <testcase name="isAssignableWithNullSupertypeAndMessageSupplier()" classname="org.springframework.util.AssertTests" time="0.002"/>
  <testcase name="isTrueWithFalseAndMessageSupplier()" classname="org.springframework.util.AssertTests" time="0.001"/>
  <testcase name="notEmptyMap()" classname="org.springframework.util.AssertTests" time="0.001"/>
  <testcase name="isAssignableWithTypeMismatchAndCustomMessageWithSeparator()" classname="org.springframework.util.AssertTests" time="0.0"/>
  <testcase name="doesNotContainWithMessageSupplier()" classname="org.springframework.util.AssertTests" time="0.002"/>
  <testcase name="doesNotContainWithNullSubstring()" classname="org.springframework.util.AssertTests" time="0.0"/>
  <testcase name="isAssignableWithTypeMismatchAndMessageSupplier()" classname="org.springframework.util.AssertTests" time="0.001"/>
  <testcase name="notEmptyArrayWithMessageSupplier()" classname="org.springframework.util.AssertTests" time="0.001"/>
  <testcase name="notEmptyMapWithEmptyMapAndMessageSupplier()" classname="org.springframework.util.AssertTests" time="0.001"/>
  <testcase name="hasTextWithWhitespaceOnly()" classname="org.springframework.util.AssertTests" time="0.001"/>
  <testcase name="notEmptyMapWithEmptyMapAndNullMessageSupplier()" classname="org.springframework.util.AssertTests" time="0.001"/>
  <testcase name="isAssignableWithTypeMismatchAndNullMessage()" classname="org.springframework.util.AssertTests" time="0.001"/>
  <testcase name="isInstanceOfWithNullType()" classname="org.springframework.util.AssertTests" time="0.0"/>
  <testcase name="isInstanceOfWithNullInstance()" classname="org.springframework.util.AssertTests" time="0.001"/>
  <testcase name="noNullElements()" classname="org.springframework.util.AssertTests" time="0.0"/>
  <testcase name="hasLengthWithWhitespaceOnlyAndMessageSupplier()" classname="org.springframework.util.AssertTests" time="0.001"/>
  <testcase name="notEmptyMapWithMessageSupplier()" classname="org.springframework.util.AssertTests" time="0.0"/>
  <testcase name="notEmptyArray()" classname="org.springframework.util.AssertTests" time="0.001"/>
  <system-out><![CDATA[]]></system-out>
  <system-err><![CDATA[]]></system-err>
</testsuite>
