<?xml version="1.0" encoding="UTF-8"?>
<testsuite name="org.springframework.util.comparator.CompoundComparatorTests" tests="1" skipped="0" failures="0" errors="0" timestamp="2020-12-21T06:24:41" hostname="LAPTOP-B97AJCLT" time="0.003">
  <properties/>
  <testcase name="shouldNeedAtLeastOneComparator()" classname="org.springframework.util.comparator.CompoundComparatorTests" time="0.003"/>
  <system-out><![CDATA[]]></system-out>
  <system-err><![CDATA[]]></system-err>
</testsuite>
