<?xml version="1.0" encoding="UTF-8"?>
<testsuite name="org.springframework.util.StreamUtilsTests" tests="8" skipped="0" failures="0" errors="0" timestamp="2020-12-21T06:24:42" hostname="LAPTOP-B97AJCLT" time="0.172">
  <properties/>
  <testcase name="nonClosingOutputStream()" classname="org.springframework.util.StreamUtilsTests" time="0.04"/>
  <testcase name="copyStream()" classname="org.springframework.util.StreamUtilsTests" time="0.05"/>
  <testcase name="copyString()" classname="org.springframework.util.StreamUtilsTests" time="0.003"/>
  <testcase name="copyToString()" classname="org.springframework.util.StreamUtilsTests" time="0.038"/>
  <testcase name="copyBytes()" classname="org.springframework.util.StreamUtilsTests" time="0.002"/>
  <testcase name="copyRange()" classname="org.springframework.util.StreamUtilsTests" time="0.002"/>
  <testcase name="nonClosingInputStream()" classname="org.springframework.util.StreamUtilsTests" time="0.032"/>
  <testcase name="copyToByteArray()" classname="org.springframework.util.StreamUtilsTests" time="0.003"/>
  <system-out><![CDATA[]]></system-out>
  <system-err><![CDATA[]]></system-err>
</testsuite>
