<?xml version="1.0" encoding="UTF-8"?>
<testsuite name="org.springframework.util.comparator.InstanceComparatorTests" tests="3" skipped="0" failures="0" errors="0" timestamp="2020-12-21T06:24:41" hostname="LAPTOP-B97AJCLT" time="0.003">
  <properties/>
  <testcase name="shouldCompareClasses()" classname="org.springframework.util.comparator.InstanceComparatorTests" time="0.001"/>
  <testcase name="shouldCompareMix()" classname="org.springframework.util.comparator.InstanceComparatorTests" time="0.001"/>
  <testcase name="shouldCompareInterfaces()" classname="org.springframework.util.comparator.InstanceComparatorTests" time="0.0"/>
  <system-out><![CDATA[]]></system-out>
  <system-err><![CDATA[]]></system-err>
</testsuite>
