<?xml version="1.0" encoding="UTF-8"?>
<testsuite name="org.springframework.util.ReflectionUtilsTests" tests="20" skipped="1" failures="0" errors="0" timestamp="2020-12-21T06:24:41" hostname="LAPTOP-B97AJCLT" time="0.019">
  <properties/>
  <testcase name="getDeclaredMethodsReturnsCopy()" classname="org.springframework.util.ReflectionUtilsTests" time="0.001"/>
  <testcase name="declaresException()" classname="org.springframework.util.ReflectionUtilsTests" time="0.001"/>
  <testcase name="getUniqueDeclaredMethods()" classname="org.springframework.util.ReflectionUtilsTests" time="0.002"/>
  <testcase name="validCopy()" classname="org.springframework.util.ReflectionUtilsTests" time="0.001"/>
  <testcase name="invokeMethod()" classname="org.springframework.util.ReflectionUtilsTests" time="0.001"/>
  <testcase name="rejectsNullSrc()" classname="org.springframework.util.ReflectionUtilsTests" time="0.0"/>
  <testcase name="validCopyOnSubTypeWithNewField()" classname="org.springframework.util.ReflectionUtilsTests" time="0.0"/>
  <testcase name="findMethodWithVarArgs()" classname="org.springframework.util.ReflectionUtilsTests" time="0.0">
    <skipped/>
  </testcase>
  <testcase name="findMethod()" classname="org.springframework.util.ReflectionUtilsTests" time="0.001"/>
  <testcase name="isCglibRenamedMethod()" classname="org.springframework.util.ReflectionUtilsTests" time="0.001"/>
  <testcase name="copySrcToDestinationOfIncorrectClass()" classname="org.springframework.util.ReflectionUtilsTests" time="0.001"/>
  <testcase name="findField()" classname="org.springframework.util.ReflectionUtilsTests" time="0.001"/>
  <testcase name="getAllDeclaredMethods()" classname="org.springframework.util.ReflectionUtilsTests" time="0.001"/>
  <testcase name="setField()" classname="org.springframework.util.ReflectionUtilsTests" time="0.001"/>
  <testcase name="duplicatesFound()" classname="org.springframework.util.ReflectionUtilsTests" time="0.0"/>
  <testcase name="rejectsNullDest()" classname="org.springframework.util.ReflectionUtilsTests" time="0.001"/>
  <testcase name="validCopyToSubType()" classname="org.springframework.util.ReflectionUtilsTests" time="0.0"/>
  <testcase name="doWithProtectedMethods()" classname="org.springframework.util.ReflectionUtilsTests" time="0.001"/>
  <testcase name="validCopyToSubTypeWithFinalField()" classname="org.springframework.util.ReflectionUtilsTests" time="0.0"/>
  <testcase name="getUniqueDeclaredMethods_withCovariantReturnType()" classname="org.springframework.util.ReflectionUtilsTests" time="0.001"/>
  <system-out><![CDATA[]]></system-out>
  <system-err><![CDATA[]]></system-err>
</testsuite>
