<?xml version="1.0" encoding="UTF-8"?>
<testsuite name="org.springframework.core.BridgeMethodResolverTests" tests="24" skipped="0" failures="0" errors="0" timestamp="2020-12-21T06:24:27" hostname="LAPTOP-B97AJCLT" time="0.042">
  <properties/>
  <testcase name="spr2583()" classname="org.springframework.core.BridgeMethodResolverTests" time="0.002"/>
  <testcase name="spr2603()" classname="org.springframework.core.BridgeMethodResolverTests" time="0.001"/>
  <testcase name="spr2648()" classname="org.springframework.core.BridgeMethodResolverTests" time="0.013"/>
  <testcase name="spr2763()" classname="org.springframework.core.BridgeMethodResolverTests" time="0.001"/>
  <testcase name="spr3041()" classname="org.springframework.core.BridgeMethodResolverTests" time="0.001"/>
  <testcase name="spr3173()" classname="org.springframework.core.BridgeMethodResolverTests" time="0.0"/>
  <testcase name="spr3304()" classname="org.springframework.core.BridgeMethodResolverTests" time="0.0"/>
  <testcase name="spr3324()" classname="org.springframework.core.BridgeMethodResolverTests" time="0.001"/>
  <testcase name="spr3357()" classname="org.springframework.core.BridgeMethodResolverTests" time="0.001"/>
  <testcase name="spr3485()" classname="org.springframework.core.BridgeMethodResolverTests" time="0.001"/>
  <testcase name="spr3534()" classname="org.springframework.core.BridgeMethodResolverTests" time="0.001"/>
  <testcase name="isBridgeMethodFor()" classname="org.springframework.core.BridgeMethodResolverTests" time="0.001"/>
  <testcase name="findBridgedMethodInHierarchy()" classname="org.springframework.core.BridgeMethodResolverTests" time="0.001"/>
  <testcase name="findBridgedMethod()" classname="org.springframework.core.BridgeMethodResolverTests" time="0.0"/>
  <testcase name="withSingleBoundParameterizedOnInstantiate()" classname="org.springframework.core.BridgeMethodResolverTests" time="0.002"/>
  <testcase name="doubleParameterization()" classname="org.springframework.core.BridgeMethodResolverTests" time="0.001"/>
  <testcase name="findBridgedVarargMethod()" classname="org.springframework.core.BridgeMethodResolverTests" time="0.001"/>
  <testcase name="withGenericParameter()" classname="org.springframework.core.BridgeMethodResolverTests" time="0.0"/>
  <testcase name="withDoubleBoundParameterizedOnInstantiate()" classname="org.springframework.core.BridgeMethodResolverTests" time="0.001"/>
  <testcase name="testInterfaceHierarchy()" classname="org.springframework.core.BridgeMethodResolverTests" time="0.002"/>
  <testcase name="testClassHierarchy()" classname="org.springframework.core.BridgeMethodResolverTests" time="0.001"/>
  <testcase name="findBridgedMethodFromParent()" classname="org.springframework.core.BridgeMethodResolverTests" time="0.001"/>
  <testcase name="onAllMethods()" classname="org.springframework.core.BridgeMethodResolverTests" time="0.002"/>
  <testcase name="findBridgedMethodFromMultipleBridges()" classname="org.springframework.core.BridgeMethodResolverTests" time="0.0"/>
  <system-out><![CDATA[]]></system-out>
  <system-err><![CDATA[]]></system-err>
</testsuite>
