<?xml version="1.0" encoding="UTF-8"?>
<testsuite name="org.springframework.core.codec.StringDecoderTests" tests="12" skipped="0" failures="0" errors="0" timestamp="2020-12-21T06:24:29" hostname="LAPTOP-B97AJCLT" time="0.057">
  <properties/>
  <testcase name="decodeToMono()" classname="org.springframework.core.codec.StringDecoderTests" time="0.005"/>
  <testcase name="maxInMemoryLimitDoesNotApplyToParsedItemsThatDontRequireBuffering()" classname="org.springframework.core.codec.StringDecoderTests" time="0.013"/>
  <testcase name="decode()" classname="org.springframework.core.codec.StringDecoderTests" time="0.01"/>
  <testcase name="decodeToMonoWithEmptyFlux()" classname="org.springframework.core.codec.StringDecoderTests" time="0.0"/>
  <testcase name="decodeEmptyDataBuffer()" classname="org.springframework.core.codec.StringDecoderTests" time="0.001"/>
  <testcase name="canDecode()" classname="org.springframework.core.codec.StringDecoderTests" time="0.0"/>
  <testcase name="maxInMemoryLimitReleaseUnprocessedLinesWhenUnlimited()" classname="org.springframework.core.codec.StringDecoderTests" time="0.002"/>
  <testcase name="maxInMemoryLimit()" classname="org.springframework.core.codec.StringDecoderTests" time="0.003"/>
  <testcase name="decodeNewLineIncludeDelimiters()" classname="org.springframework.core.codec.StringDecoderTests" time="0.006"/>
  <testcase name="decodeNewLine()" classname="org.springframework.core.codec.StringDecoderTests" time="0.008"/>
  <testcase name="decodeEmptyFlux()" classname="org.springframework.core.codec.StringDecoderTests" time="0.001"/>
  <testcase name="decodeMultibyteCharacterUtf16()" classname="org.springframework.core.codec.StringDecoderTests" time="0.004"/>
  <system-out><![CDATA[]]></system-out>
  <system-err><![CDATA[]]></system-err>
</testsuite>
