<?xml version="1.0" encoding="UTF-8"?>
<testsuite name="org.springframework.util.xml.StaxResultTests" tests="2" skipped="0" failures="0" errors="0" timestamp="2020-12-21T06:24:43" hostname="LAPTOP-B97AJCLT" time="0.016">
  <properties/>
  <testcase name="eventWriterSource()" classname="org.springframework.util.xml.StaxResultTests" time="0.01"/>
  <testcase name="streamWriterSource()" classname="org.springframework.util.xml.StaxResultTests" time="0.006"/>
  <system-out><![CDATA[]]></system-out>
  <system-err><![CDATA[]]></system-err>
</testsuite>
