<?xml version="1.0" encoding="UTF-8"?>
<testsuite name="org.springframework.core.KotlinMethodParameterTests" tests="6" skipped="0" failures="0" errors="0" timestamp="2020-12-21T06:24:44" hostname="LAPTOP-B97AJCLT" time="0.089">
  <properties/>
  <testcase name="Inner class constructor()" classname="org.springframework.core.KotlinMethodParameterTests" time="0.027"/>
  <testcase name="Regular class constructor()" classname="org.springframework.core.KotlinMethodParameterTests" time="0.002"/>
  <testcase name="Method return type nullability()" classname="org.springframework.core.KotlinMethodParameterTests" time="0.054"/>
  <testcase name="Suspending function return type()" classname="org.springframework.core.KotlinMethodParameterTests" time="0.004"/>
  <testcase name="Method parameter nullability()" classname="org.springframework.core.KotlinMethodParameterTests" time="0.001"/>
  <testcase name="Continuation parameter is optional()" classname="org.springframework.core.KotlinMethodParameterTests" time="0.0"/>
  <system-out><![CDATA[]]></system-out>
  <system-err><![CDATA[]]></system-err>
</testsuite>
