<?xml version="1.0" encoding="UTF-8"?>
<testsuite name="org.springframework.util.ResizableByteArrayOutputStreamTests" tests="5" skipped="0" failures="0" errors="0" timestamp="2020-12-21T06:24:41" hostname="LAPTOP-B97AJCLT" time="0.003">
  <properties/>
  <testcase name="resize()" classname="org.springframework.util.ResizableByteArrayOutputStreamTests" time="0.0"/>
  <testcase name="grow()" classname="org.springframework.util.ResizableByteArrayOutputStreamTests" time="0.001"/>
  <testcase name="failResize()" classname="org.springframework.util.ResizableByteArrayOutputStreamTests" time="0.001"/>
  <testcase name="write()" classname="org.springframework.util.ResizableByteArrayOutputStreamTests" time="0.001"/>
  <testcase name="autoGrow()" classname="org.springframework.util.ResizableByteArrayOutputStreamTests" time="0.0"/>
  <system-out><![CDATA[]]></system-out>
  <system-err><![CDATA[]]></system-err>
</testsuite>
