<?xml version="1.0" encoding="UTF-8"?>
<testsuite name="org.springframework.core.ReactiveAdapterRegistryTests$Kotlin" tests="2" skipped="0" failures="0" errors="0" timestamp="2020-12-21T06:24:37" hostname="LAPTOP-B97AJCLT" time="0.0">
  <properties/>
  <testcase name="deferred()" classname="org.springframework.core.ReactiveAdapterRegistryTests$Kotlin" time="0.0"/>
  <testcase name="defaultAdapterRegistrations()" classname="org.springframework.core.ReactiveAdapterRegistryTests$Kotlin" time="0.0"/>
  <system-out><![CDATA[]]></system-out>
  <system-err><![CDATA[]]></system-err>
</testsuite>
