<?xml version="1.0" encoding="UTF-8"?>
<testsuite name="org.springframework.util.xml.XmlValidationModeDetectorTests" tests="4" skipped="0" failures="0" errors="0" timestamp="2020-12-21T06:24:43" hostname="LAPTOP-B97AJCLT" time="0.006">
  <properties/>
  <testcase name="[1] fileName=dtdWithTrailingComment.xml" classname="org.springframework.util.xml.XmlValidationModeDetectorTests" time="0.001"/>
  <testcase name="[2] fileName=dtdWithLeadingComment.xml" classname="org.springframework.util.xml.XmlValidationModeDetectorTests" time="0.001"/>
  <testcase name="[3] fileName=dtdWithCommentOnNextLine.xml" classname="org.springframework.util.xml.XmlValidationModeDetectorTests" time="0.001"/>
  <testcase name="[4] fileName=dtdWithMultipleComments.xml" classname="org.springframework.util.xml.XmlValidationModeDetectorTests" time="0.001"/>
  <system-out><![CDATA[]]></system-out>
  <system-err><![CDATA[]]></system-err>
</testsuite>
