<?xml version="1.0" encoding="UTF-8"?>
<testsuite name="org.springframework.core.io.support.PathMatchingResourcePatternResolverTests" tests="8" skipped="1" failures="0" errors="0" timestamp="2020-12-21T06:24:37" hostname="LAPTOP-B97AJCLT" time="0.108">
  <properties/>
  <testcase name="rootPatternRetrievalInJarFiles()" classname="org.springframework.core.io.support.PathMatchingResourcePatternResolverTests" time="0.095"/>
  <testcase name="singleResourceInJar()" classname="org.springframework.core.io.support.PathMatchingResourcePatternResolverTests" time="0.001"/>
  <testcase name="invalidPrefixWithPatternElementInIt()" classname="org.springframework.core.io.support.PathMatchingResourcePatternResolverTests" time="0.0"/>
  <testcase name="singleResourceOnFileSystem()" classname="org.springframework.core.io.support.PathMatchingResourcePatternResolverTests" time="0.0"/>
  <testcase name="classpathStarWithPatternOnFileSystem()" classname="org.springframework.core.io.support.PathMatchingResourcePatternResolverTests" time="0.0">
    <skipped/>
  </testcase>
  <testcase name="classpathStarWithPatternInJar()" classname="org.springframework.core.io.support.PathMatchingResourcePatternResolverTests" time="0.001"/>
  <testcase name="getResourcesOnFileSystemContainingHashtagsInTheirFileNames()" classname="org.springframework.core.io.support.PathMatchingResourcePatternResolverTests" time="0.006"/>
  <testcase name="classpathWithPatternInJar()" classname="org.springframework.core.io.support.PathMatchingResourcePatternResolverTests" time="0.002"/>
  <system-out><![CDATA[]]></system-out>
  <system-err><![CDATA[]]></system-err>
</testsuite>
