<?xml version="1.0" encoding="UTF-8"?>
<testsuite name="org.springframework.core.testfixture.TestGroupTests" tests="4" skipped="0" failures="0" errors="0" timestamp="2020-12-21T06:24:39" hostname="LAPTOP-B97AJCLT" time="0.01">
  <properties/>
  <testcase name="assumeGroupWithBogusActiveTestGroup()" classname="org.springframework.core.testfixture.TestGroupTests" time="0.003"/>
  <testcase name="assumeGroupWithAllMinusBogusActiveTestGroup()" classname="org.springframework.core.testfixture.TestGroupTests" time="0.001"/>
  <testcase name="assumeGroupWithNoActiveTestGroups()" classname="org.springframework.core.testfixture.TestGroupTests" time="0.002"/>
  <testcase name="assumeGroupWithMatchingActiveTestGroup()" classname="org.springframework.core.testfixture.TestGroupTests" time="0.003"/>
  <system-out><![CDATA[]]></system-out>
  <system-err><![CDATA[]]></system-err>
</testsuite>
