<?xml version="1.0" encoding="UTF-8"?>
<testsuite name="org.springframework.util.FixedBackOffTests" tests="6" skipped="0" failures="0" errors="0" timestamp="2020-12-21T06:24:41" hostname="LAPTOP-B97AJCLT" time="0.004">
  <properties/>
  <testcase name="defaultInstance()" classname="org.springframework.util.FixedBackOffTests" time="0.002"/>
  <testcase name="startReturnDifferentInstances()" classname="org.springframework.util.FixedBackOffTests" time="0.0"/>
  <testcase name="maxAttemptsReached()" classname="org.springframework.util.FixedBackOffTests" time="0.0"/>
  <testcase name="toStringContent()" classname="org.springframework.util.FixedBackOffTests" time="0.0"/>
  <testcase name="liveUpdate()" classname="org.springframework.util.FixedBackOffTests" time="0.0"/>
  <testcase name="noAttemptAtAll()" classname="org.springframework.util.FixedBackOffTests" time="0.0"/>
  <system-out><![CDATA[]]></system-out>
  <system-err><![CDATA[]]></system-err>
</testsuite>
