<?xml version="1.0" encoding="UTF-8"?>
<testsuite name="org.springframework.core.type.AspectJTypeFilterTests" tests="8" skipped="0" failures="0" errors="0" timestamp="2020-12-21T06:24:39" hostname="LAPTOP-B97AJCLT" time="0.469">
  <properties/>
  <testcase name="compositionPatternNoMatches()" classname="org.springframework.core.type.AspectJTypeFilterTests" time="0.363"/>
  <testcase name="annotationPatternMatches()" classname="org.springframework.core.type.AspectJTypeFilterTests" time="0.024"/>
  <testcase name="subclassPatternNoMatches()" classname="org.springframework.core.type.AspectJTypeFilterTests" time="0.01"/>
  <testcase name="compositionPatternMatches()" classname="org.springframework.core.type.AspectJTypeFilterTests" time="0.021"/>
  <testcase name="annotationPatternNoMatches()" classname="org.springframework.core.type.AspectJTypeFilterTests" time="0.003"/>
  <testcase name="namePatternNoMatches()" classname="org.springframework.core.type.AspectJTypeFilterTests" time="0.02"/>
  <testcase name="namePatternMatches()" classname="org.springframework.core.type.AspectJTypeFilterTests" time="0.005"/>
  <testcase name="subclassPatternMatches()" classname="org.springframework.core.type.AspectJTypeFilterTests" time="0.019"/>
  <system-out><![CDATA[warning no match for this type name: example.type.AspectJTypeFilterTestsTypes.SomeClassX [Xlint:invalidAbsoluteTypeName]
]]></system-out>
  <system-err><![CDATA[]]></system-err>
</testsuite>
